This file contains any messages produced by compilers while
running configure, to aid debugging if configure makes a mistake.

It was created by src/merge/mkvmerge.cpp configure src/cut/mkvcut.cpp, which was
generated by GNU Autoconf 2.69.  Invocation command line was

  $ ./configure 

## --------- ##
## Platform. ##
## --------- ##

hostname = katest-12-04-32bits
uname -m = i686
uname -r = 2.6.32-29-pve
uname -s = Linux
uname -v = #1 SMP Thu Apr 24 10:03:02 CEST 2014

/usr/bin/uname -p = unknown
/bin/uname -X     = unknown

/bin/arch              = unknown
/usr/bin/arch -k       = unknown
/usr/convex/getsysinfo = unknown
/usr/bin/hostinfo      = unknown
/bin/machine           = unknown
/usr/bin/oslevel       = unknown
/bin/universe          = unknown

PATH: /usr/local/sbin
PATH: /usr/local/bin
PATH: /usr/sbin
PATH: /usr/bin
PATH: /sbin
PATH: /bin
PATH: /usr/games
PATH: /usr/local/games
PATH: /root/bin
PATH: /home/aviolo/sources/easycast/unstable/benchtools


## ----------- ##
## Core tests. ##
## ----------- ##

configure:2853: checking build system type
configure:2867: result: i686-pc-linux-gnu
configure:2887: checking host system type
configure:2900: result: i686-pc-linux-gnu
configure:2920: checking target system type
configure:2933: result: i686-pc-linux-gnu
configure:3008: checking for gcc
configure:3024: found /usr/bin/gcc
configure:3035: result: gcc
configure:3264: checking for C compiler version
configure:3273: gcc --version >&5
gcc (Ubuntu 4.8.2-19ubuntu1) 4.8.2
Copyright (C) 2013 Free Software Foundation, Inc.
This is free software; see the source for copying conditions.  There is NO
warranty; not even for MERCHANTABILITY or FITNESS FOR A PARTICULAR PURPOSE.

configure:3284: $? = 0
configure:3273: gcc -v >&5
Using built-in specs.
COLLECT_GCC=gcc
COLLECT_LTO_WRAPPER=/usr/lib/gcc/i686-linux-gnu/4.8/lto-wrapper
Target: i686-linux-gnu
Configured with: ../src/configure -v --with-pkgversion='Ubuntu 4.8.2-19ubuntu1' --with-bugurl=file:///usr/share/doc/gcc-4.8/README.Bugs --enable-languages=c,c++,java,go,d,fortran,objc,obj-c++ --prefix=/usr --program-suffix=-4.8 --enable-shared --enable-linker-build-id --libexecdir=/usr/lib --without-included-gettext --enable-threads=posix --with-gxx-include-dir=/usr/include/c++/4.8 --libdir=/usr/lib --enable-nls --with-sysroot=/ --enable-clocale=gnu --enable-libstdcxx-debug --enable-libstdcxx-time=yes --enable-gnu-unique-object --disable-libmudflap --enable-plugin --with-system-zlib --disable-browser-plugin --enable-java-awt=gtk --enable-gtk-cairo --with-java-home=/usr/lib/jvm/java-1.5.0-gcj-4.8-i386/jre --enable-java-home --with-jvm-root-dir=/usr/lib/jvm/java-1.5.0-gcj-4.8-i386 --with-jvm-jar-dir=/usr/lib/jvm-exports/java-1.5.0-gcj-4.8-i386 --with-arch-directory=i386 --with-ecj-jar=/usr/share/java/eclipse-ecj.jar --enable-objc-gc --enable-targets=all --enable-multiarch --disable-werror --with-arch-32=i686 --with-multilib-list=m32,m64,mx32 --with-tune=generic --enable-checking=release --build=i686-linux-gnu --host=i686-linux-gnu --target=i686-linux-gnu
Thread model: posix
gcc version 4.8.2 (Ubuntu 4.8.2-19ubuntu1) 
configure:3284: $? = 0
configure:3273: gcc -V >&5
gcc: error: unrecognized command line option '-V'
gcc: fatal error: no input files
compilation terminated.
configure:3284: $? = 4
configure:3273: gcc -qversion >&5
gcc: error: unrecognized command line option '-qversion'
gcc: fatal error: no input files
compilation terminated.
configure:3284: $? = 4
configure:3304: checking whether the C compiler works
configure:3326: gcc    conftest.c  >&5
configure:3330: $? = 0
configure:3378: result: yes
configure:3381: checking for C compiler default output file name
configure:3383: result: a.out
configure:3389: checking for suffix of executables
configure:3396: gcc -o conftest    conftest.c  >&5
configure:3400: $? = 0
configure:3422: result: 
configure:3444: checking whether we are cross compiling
configure:3452: gcc -o conftest    conftest.c  >&5
configure:3456: $? = 0
configure:3463: ./conftest
configure:3467: $? = 0
configure:3482: result: no
configure:3487: checking for suffix of object files
configure:3509: gcc -c   conftest.c >&5
configure:3513: $? = 0
configure:3534: result: o
configure:3538: checking whether we are using the GNU C compiler
configure:3557: gcc -c   conftest.c >&5
configure:3557: $? = 0
configure:3566: result: yes
configure:3575: checking whether gcc accepts -g
configure:3595: gcc -c -g  conftest.c >&5
configure:3595: $? = 0
configure:3636: result: yes
configure:3653: checking for gcc option to accept ISO C89
configure:3716: gcc  -c -g -O2  conftest.c >&5
configure:3716: $? = 0
configure:3729: result: none needed
configure:3751: checking whether gcc and cc understand -c and -o together
configure:3782: gcc -c conftest.c -o conftest2.o >&5
configure:3786: $? = 0
configure:3792: gcc -c conftest.c -o conftest2.o >&5
configure:3796: $? = 0
configure:3807: cc -c conftest.c >&5
configure:3811: $? = 0
configure:3819: cc -c conftest.c -o conftest2.o >&5
configure:3823: $? = 0
configure:3829: cc -c conftest.c -o conftest2.o >&5
configure:3833: $? = 0
configure:3851: result: yes
configure:3866: checking how to run the C preprocessor
configure:3897: gcc -E  conftest.c
configure:3897: $? = 0
configure:3911: gcc -E  conftest.c
conftest.c:9:28: fatal error: ac_nonexistent.h: No such file or directory
 #include <ac_nonexistent.h>
                            ^
compilation terminated.
configure:3911: $? = 1
configure: failed program was:
| /* confdefs.h */
| #define PACKAGE_NAME "src/merge/mkvmerge.cpp"
| #define PACKAGE_TARNAME "src-merge-mkvmerge-cpp"
| #define PACKAGE_VERSION "src/cut/mkvcut.cpp"
| #define PACKAGE_STRING "src/merge/mkvmerge.cpp src/cut/mkvcut.cpp"
| #define PACKAGE_BUGREPORT ""
| #define PACKAGE_URL ""
| /* end confdefs.h.  */
| #include <ac_nonexistent.h>
configure:3936: result: gcc -E
configure:3956: gcc -E  conftest.c
configure:3956: $? = 0
configure:3970: gcc -E  conftest.c
conftest.c:9:28: fatal error: ac_nonexistent.h: No such file or directory
 #include <ac_nonexistent.h>
                            ^
compilation terminated.
configure:3970: $? = 1
configure: failed program was:
| /* confdefs.h */
| #define PACKAGE_NAME "src/merge/mkvmerge.cpp"
| #define PACKAGE_TARNAME "src-merge-mkvmerge-cpp"
| #define PACKAGE_VERSION "src/cut/mkvcut.cpp"
| #define PACKAGE_STRING "src/merge/mkvmerge.cpp src/cut/mkvcut.cpp"
| #define PACKAGE_BUGREPORT ""
| #define PACKAGE_URL ""
| /* end confdefs.h.  */
| #include <ac_nonexistent.h>
configure:4057: checking for g++
configure:4073: found /usr/bin/g++
configure:4084: result: g++
configure:4111: checking for C++ compiler version
configure:4120: g++ --version >&5
g++ (Ubuntu 4.8.2-19ubuntu1) 4.8.2
Copyright (C) 2013 Free Software Foundation, Inc.
This is free software; see the source for copying conditions.  There is NO
warranty; not even for MERCHANTABILITY or FITNESS FOR A PARTICULAR PURPOSE.

configure:4131: $? = 0
configure:4120: g++ -v >&5
Using built-in specs.
COLLECT_GCC=g++
COLLECT_LTO_WRAPPER=/usr/lib/gcc/i686-linux-gnu/4.8/lto-wrapper
Target: i686-linux-gnu
Configured with: ../src/configure -v --with-pkgversion='Ubuntu 4.8.2-19ubuntu1' --with-bugurl=file:///usr/share/doc/gcc-4.8/README.Bugs --enable-languages=c,c++,java,go,d,fortran,objc,obj-c++ --prefix=/usr --program-suffix=-4.8 --enable-shared --enable-linker-build-id --libexecdir=/usr/lib --without-included-gettext --enable-threads=posix --with-gxx-include-dir=/usr/include/c++/4.8 --libdir=/usr/lib --enable-nls --with-sysroot=/ --enable-clocale=gnu --enable-libstdcxx-debug --enable-libstdcxx-time=yes --enable-gnu-unique-object --disable-libmudflap --enable-plugin --with-system-zlib --disable-browser-plugin --enable-java-awt=gtk --enable-gtk-cairo --with-java-home=/usr/lib/jvm/java-1.5.0-gcj-4.8-i386/jre --enable-java-home --with-jvm-root-dir=/usr/lib/jvm/java-1.5.0-gcj-4.8-i386 --with-jvm-jar-dir=/usr/lib/jvm-exports/java-1.5.0-gcj-4.8-i386 --with-arch-directory=i386 --with-ecj-jar=/usr/share/java/eclipse-ecj.jar --enable-objc-gc --enable-targets=all --enable-multiarch --disable-werror --with-arch-32=i686 --with-multilib-list=m32,m64,mx32 --with-tune=generic --enable-checking=release --build=i686-linux-gnu --host=i686-linux-gnu --target=i686-linux-gnu
Thread model: posix
gcc version 4.8.2 (Ubuntu 4.8.2-19ubuntu1) 
configure:4131: $? = 0
configure:4120: g++ -V >&5
g++: error: unrecognized command line option '-V'
g++: fatal error: no input files
compilation terminated.
configure:4131: $? = 4
configure:4120: g++ -qversion >&5
g++: error: unrecognized command line option '-qversion'
g++: fatal error: no input files
compilation terminated.
configure:4131: $? = 4
configure:4135: checking whether we are using the GNU C++ compiler
configure:4154: g++ -c   conftest.cpp >&5
configure:4154: $? = 0
configure:4163: result: yes
configure:4172: checking whether g++ accepts -g
configure:4192: g++ -c -g  conftest.cpp >&5
configure:4192: $? = 0
configure:4233: result: yes
configure:4257: checking whether make sets $(MAKE)
configure:4279: result: yes
configure:4302: checking for a BSD-compatible install
configure:4370: result: /usr/bin/install -c
configure:4424: checking for ranlib
configure:4440: found /usr/bin/ranlib
configure:4451: result: ranlib
configure:4516: checking for strip
configure:4532: found /usr/bin/strip
configure:4543: result: strip
configure:4608: checking for ar
configure:4624: found /usr/bin/ar
configure:4635: result: ar
configure:4700: checking for ld
configure:4716: found /usr/bin/ld
configure:4727: result: ld
configure:4803: checking for pkg-config
configure:4821: found /usr/bin/pkg-config
configure:4833: result: /usr/bin/pkg-config
configure:4858: checking pkg-config is at least version 0.9.0
configure:4861: result: yes
configure:4872: checking for grep that handles long lines and -e
configure:4930: result: /bin/grep
configure:4935: checking for egrep
configure:4997: result: /bin/grep -E
configure:5002: checking for ANSI C header files
configure:5022: gcc -c   conftest.c >&5
configure:5022: $? = 0
configure:5095: gcc -o conftest    conftest.c  >&5
configure:5095: $? = 0
configure:5095: ./conftest
configure:5095: $? = 0
configure:5106: result: yes
configure:5119: checking for sys/types.h
configure:5119: gcc -c   conftest.c >&5
configure:5119: $? = 0
configure:5119: result: yes
configure:5119: checking for sys/stat.h
configure:5119: gcc -c   conftest.c >&5
configure:5119: $? = 0
configure:5119: result: yes
configure:5119: checking for stdlib.h
configure:5119: gcc -c   conftest.c >&5
configure:5119: $? = 0
configure:5119: result: yes
configure:5119: checking for string.h
configure:5119: gcc -c   conftest.c >&5
configure:5119: $? = 0
configure:5119: result: yes
configure:5119: checking for memory.h
configure:5119: gcc -c   conftest.c >&5
configure:5119: $? = 0
configure:5119: result: yes
configure:5119: checking for strings.h
configure:5119: gcc -c   conftest.c >&5
configure:5119: $? = 0
configure:5119: result: yes
configure:5119: checking for inttypes.h
configure:5119: gcc -c   conftest.c >&5
configure:5119: $? = 0
configure:5119: result: yes
configure:5119: checking for stdint.h
configure:5119: gcc -c   conftest.c >&5
configure:5119: $? = 0
configure:5119: result: yes
configure:5119: checking for unistd.h
configure:5119: gcc -c   conftest.c >&5
configure:5119: $? = 0
configure:5119: result: yes
configure:5134: checking for inttypes.h
configure:5134: result: yes
configure:5134: checking for stdint.h
configure:5134: result: yes
configure:5134: checking for sys/types.h
configure:5134: result: yes
configure:5134: checking sys/syscall.h usability
configure:5134: gcc -c   conftest.c >&5
configure:5134: $? = 0
configure:5134: result: yes
configure:5134: checking sys/syscall.h presence
configure:5134: gcc -E  conftest.c
configure:5134: $? = 0
configure:5134: result: yes
configure:5134: checking for sys/syscall.h
configure:5134: result: yes
configure:5134: checking stropts.h usability
configure:5134: gcc -c   conftest.c >&5
configure:5134: $? = 0
configure:5134: result: yes
configure:5134: checking stropts.h presence
configure:5134: gcc -E  conftest.c
configure:5134: $? = 0
configure:5134: result: yes
configure:5134: checking for stropts.h
configure:5134: result: yes
configure:5147: checking for vsscanf
configure:5147: gcc -o conftest    conftest.c  >&5
conftest.c:47:6: warning: conflicting types for built-in function 'vsscanf' [enabled by default]
 char vsscanf ();
      ^
configure:5147: $? = 0
configure:5147: result: yes
configure:5147: checking for syscall
configure:5147: gcc -o conftest    conftest.c  >&5
configure:5147: $? = 0
configure:5147: result: yes
configure:5186: checking gcc version
configure:5193: result: 4.8
configure:5215: checking for support for the "-std=c++11"/"-std=c++0x" flag
configure:5244: g++ -c  -std=c++11  conftest.cpp >&5
configure:5244: $? = 0
configure:5281: result: -std=c++11
configure:5292: checking for support for C++11 feature "initializer lists"
configure:5323: g++ -c  -std=c++11  conftest.cpp >&5
configure:5323: $? = 0
configure:5339: result: yes
configure:5347: checking for support for C++11 feature "range-based 'for'"
configure:5383: g++ -c  -std=c++11  conftest.cpp >&5
configure:5383: $? = 0
configure:5399: result: yes
configure:5407: checking for support for C++11 feature "right angle brackets"
configure:5440: g++ -c  -std=c++11  conftest.cpp >&5
configure:5440: $? = 0
configure:5456: result: yes
configure:5464: checking for support for C++11 feature "'auto' keyword"
configure:5499: g++ -c  -std=c++11  conftest.cpp >&5
configure:5499: $? = 0
configure:5515: result: yes
configure:5523: checking for support for C++11 feature "lambda functions"
configure:5558: g++ -c  -std=c++11  conftest.cpp >&5
configure:5558: $? = 0
configure:5574: result: yes
configure:5582: checking for support for C++11 feature "nullptr"
configure:5610: g++ -c  -std=c++11  conftest.cpp >&5
configure:5610: $? = 0
configure:5626: result: yes
configure:5634: checking for support for C++11 feature "tuples"
configure:5665: g++ -c  -std=c++11  conftest.cpp >&5
configure:5665: $? = 0
configure:5681: result: yes
configure:5699: checking compiler is clang
configure:5713: result: no
configure:5752: checking whether the byte order is big-endian
configure:5785: result: no
configure:5800: checking if being compiled with mingw32
configure:5815: result: no
configure:6089: checking for int64_t
configure:6122: g++ -c   conftest.cpp >&5
configure:6122: $? = 0
configure:6131: result: yes
configure:6134: checking for uint64_t
configure:6161: g++ -c   conftest.cpp >&5
configure:6161: $? = 0
configure:6170: result: yes
configure:6183: checking size of int
configure:6188: gcc -o conftest    conftest.c  >&5
configure:6188: $? = 0
configure:6188: ./conftest
configure:6188: $? = 0
configure:6202: result: 4
configure:6216: checking size of long
configure:6221: gcc -o conftest    conftest.c  >&5
configure:6221: $? = 0
configure:6221: ./conftest
configure:6221: $? = 0
configure:6235: result: 4
configure:6249: checking size of long long
configure:6254: gcc -o conftest    conftest.c  >&5
configure:6254: $? = 0
configure:6254: ./conftest
configure:6254: $? = 0
configure:6268: result: 8
configure:6322: checking for PRId64 and PRIu64
configure:6350: gcc -c   conftest.c >&5
configure:6350: $? = 0
configure:6359: result: yes
configure:6370: checking iconv.h usability
configure:6370: gcc -c   conftest.c >&5
configure:6370: $? = 0
configure:6370: result: yes
configure:6370: checking iconv.h presence
configure:6370: gcc -E  conftest.c
configure:6370: $? = 0
configure:6370: result: yes
configure:6370: checking for iconv.h
configure:6370: result: yes
configure:6380: checking for iconv
configure:6402: gcc -o conftest    conftest.c  >&5
configure:6402: $? = 0
configure:6434: result: yes
configure:6437: checking for iconv declaration
configure:6466: gcc -c   conftest.c >&5
configure:6466: $? = 0
configure:6477: result: 
         extern size_t iconv (iconv_t cd, char * *inbuf, size_t *inbytesleft, char * *outbuf, size_t *outbytesleft);
configure:6499: checking for nl_langinfo
configure:6518: gcc -c   conftest.c >&5
configure:6518: $? = 0
configure:6527: result: yes
configure:6577: checking for ogg_sync_init in -logg
configure:6602: gcc -o conftest    conftest.c -logg   >&5
configure:6602: $? = 0
configure:6611: result: yes
configure:6625: checking ogg/ogg.h usability
configure:6625: gcc -c   conftest.c >&5
configure:6625: $? = 0
configure:6625: result: yes
configure:6625: checking ogg/ogg.h presence
configure:6625: gcc -E  conftest.c
configure:6625: $? = 0
configure:6625: result: yes
configure:6625: checking for ogg/ogg.h
configure:6625: result: yes
configure:6663: checking for vorbis_synthesis_init in -lvorbis
configure:6688: gcc -o conftest    conftest.c -lvorbis -logg -lm  >&5
configure:6688: $? = 0
configure:6697: result: yes
configure:6711: checking vorbis/codec.h usability
configure:6711: gcc -c   conftest.c >&5
configure:6711: $? = 0
configure:6711: result: yes
configure:6711: checking vorbis/codec.h presence
configure:6711: gcc -E  conftest.c
configure:6711: $? = 0
configure:6711: result: yes
configure:6711: checking for vorbis/codec.h
configure:6711: result: yes
configure:6745: checking for FLAC__stream_decoder_new in -lFLAC
configure:6770: gcc -o conftest    conftest.c -lFLAC -logg -lm   >&5
configure:6770: $? = 0
configure:6779: result: yes
configure:6792: checking for FLAC__StreamMetadata_StreamInfo.sample_rate
configure:6792: gcc -c   conftest.c >&5
configure:6792: $? = 0
configure:6792: result: yes
configure:6803: checking for FLAC__stream_decoder_skip_single_frame in -lFLAC
configure:6828: gcc -o conftest    conftest.c -lFLAC -lFLAC -logg -lm   >&5
configure:6828: $? = 0
configure:6837: result: yes
configure:6868: checking for libEBML headers version >= 1.3.0
configure:6904: g++ -c   conftest.cpp >&5
conftest.cpp:45:3: error: #error libebml is too old
 # error libebml is too old
   ^
configure:6904: $? = 1
configure: failed program was:
| /* confdefs.h */
| #define PACKAGE_NAME "src/merge/mkvmerge.cpp"
| #define PACKAGE_TARNAME "src-merge-mkvmerge-cpp"
| #define PACKAGE_VERSION "src/cut/mkvcut.cpp"
| #define PACKAGE_STRING "src/merge/mkvmerge.cpp src/cut/mkvcut.cpp"
| #define PACKAGE_BUGREPORT ""
| #define PACKAGE_URL ""
| #define STDC_HEADERS 1
| #define HAVE_SYS_TYPES_H 1
| #define HAVE_SYS_STAT_H 1
| #define HAVE_STDLIB_H 1
| #define HAVE_STRING_H 1
| #define HAVE_MEMORY_H 1
| #define HAVE_STRINGS_H 1
| #define HAVE_INTTYPES_H 1
| #define HAVE_STDINT_H 1
| #define HAVE_UNISTD_H 1
| #define HAVE_INTTYPES_H 1
| #define HAVE_STDINT_H 1
| #define HAVE_SYS_TYPES_H 1
| #define HAVE_SYS_SYSCALL_H 1
| #define HAVE_STROPTS_H 1
| #define HAVE_VSSCANF 1
| #define HAVE_SYSCALL 1
| #define USE_PRECOMPILED_HEADERS 1
| #define HAVE_BUILD_TIMESTAMP 1
| #define SIZEOF_INT 4
| #define SIZEOF_LONG 4
| #define SIZEOF_LONG_LONG 8
| #define HAVE_ICONV_H 1
| #define ICONV_CONST 
| #define HAVE_NL_LANGINFO 1
| #define HAVE_OGG_OGG_H 1
| #define HAVE_VORBIS_CODEC_H 1
| #define HAVE_FLAC_DECODER_SKIP 1
| #define HAVE_FLAC_FORMAT_H 1
| /* end confdefs.h.  */
| 
| #include <ebml/EbmlVersion.h>
| #include <ebml/EbmlDummy.h>
| 
| using namespace libebml;
| 
| #if LIBEBML_VERSION < ((1 << 16) + (3 << 8) + 0)
| # error libebml is too old
| #endif
| 
| int
| main ()
| {
| 
|   ;
|   return 0;
| }
configure:6936: g++ -c -I/usr/local/include   conftest.cpp >&5
conftest.cpp:45:3: error: #error libebml is too old
 # error libebml is too old
   ^
configure:6936: $? = 1
configure: failed program was:
| /* confdefs.h */
| #define PACKAGE_NAME "src/merge/mkvmerge.cpp"
| #define PACKAGE_TARNAME "src-merge-mkvmerge-cpp"
| #define PACKAGE_VERSION "src/cut/mkvcut.cpp"
| #define PACKAGE_STRING "src/merge/mkvmerge.cpp src/cut/mkvcut.cpp"
| #define PACKAGE_BUGREPORT ""
| #define PACKAGE_URL ""
| #define STDC_HEADERS 1
| #define HAVE_SYS_TYPES_H 1
| #define HAVE_SYS_STAT_H 1
| #define HAVE_STDLIB_H 1
| #define HAVE_STRING_H 1
| #define HAVE_MEMORY_H 1
| #define HAVE_STRINGS_H 1
| #define HAVE_INTTYPES_H 1
| #define HAVE_STDINT_H 1
| #define HAVE_UNISTD_H 1
| #define HAVE_INTTYPES_H 1
| #define HAVE_STDINT_H 1
| #define HAVE_SYS_TYPES_H 1
| #define HAVE_SYS_SYSCALL_H 1
| #define HAVE_STROPTS_H 1
| #define HAVE_VSSCANF 1
| #define HAVE_SYSCALL 1
| #define USE_PRECOMPILED_HEADERS 1
| #define HAVE_BUILD_TIMESTAMP 1
| #define SIZEOF_INT 4
| #define SIZEOF_LONG 4
| #define SIZEOF_LONG_LONG 8
| #define HAVE_ICONV_H 1
| #define ICONV_CONST 
| #define HAVE_NL_LANGINFO 1
| #define HAVE_OGG_OGG_H 1
| #define HAVE_VORBIS_CODEC_H 1
| #define HAVE_FLAC_DECODER_SKIP 1
| #define HAVE_FLAC_FORMAT_H 1
| /* end confdefs.h.  */
| 
| #include <ebml/EbmlVersion.h>
| #include <ebml/EbmlDummy.h>
| 
| using namespace libebml;
| 
| #if LIBEBML_VERSION < ((1 << 16) + (3 << 8) + 0)
| # error libebml is too old
| #endif
| 
| int
| main ()
| {
| 
|   ;
|   return 0;
| }
configure:6958: result: internal
configure:7076: checking for libMatroska headers version >= 1.4.1
configure:7172: result: internal
configure:7293: checking for ZLIB
configure:7300: $PKG_CONFIG --exists --print-errors "zlib"
configure:7303: $? = 0
configure:7317: $PKG_CONFIG --exists --print-errors "zlib"
configure:7320: $? = 0
configure:7378: result: yes
configure:7417: checking for wx-config
configure:7436: found /usr/bin/wx-config
configure:7449: result: /usr/bin/wx-config
configure:7468: checking for wxWidgets 2.8.0 or newer
configure:7520: g++ -o conftest  -std=c++11 -I/usr/lib/i386-linux-gnu/wx/include/gtk2-unicode-release-2.8 -I/usr/include/wx-2.8 -D_FILE_OFFSET_BITS=64 -D_LARGE_FILES -D__WXGTK__ -pthread   conftest.cpp  -L/usr/lib/i386-linux-gnu -pthread -Wl,-Bsymbolic-functions -Wl,-z,relro  -L/usr/lib/i386-linux-gnu   -lwx_gtk2u_richtext-2.8 -lwx_gtk2u_aui-2.8 -lwx_gtk2u_xrc-2.8 -lwx_gtk2u_qa-2.8 -lwx_gtk2u_html-2.8 -lwx_gtk2u_adv-2.8 -lwx_gtk2u_core-2.8 -lwx_baseu_xml-2.8 -lwx_baseu_net-2.8 -lwx_baseu-2.8  >&5
configure:7520: $? = 0
configure:7583: g++ -c  -std=c++11 -I/usr/lib/i386-linux-gnu/wx/include/gtk2-unicode-release-2.8 -I/usr/include/wx-2.8 -D_FILE_OFFSET_BITS=64 -D_LARGE_FILES -D__WXGTK__ -pthread  conftest.cpp >&5
configure:7583: $? = 0
configure:7625: result: 2.8.12 ok
configure:7642: checking for wxWidgets class wxBitmapComboBox
configure:7664: g++ -c  -std=c++11 -I/usr/lib/i386-linux-gnu/wx/include/gtk2-unicode-release-2.8 -I/usr/include/wx-2.8 -D_FILE_OFFSET_BITS=64 -D_LARGE_FILES -D__WXGTK__ -pthread  conftest.cpp >&5
configure:7664: $? = 0
configure:7672: result: yes
configure:7681: checking for wxMenuBar member function SetMenuLabel
configure:7705: g++ -c  -std=c++11 -I/usr/lib/i386-linux-gnu/wx/include/gtk2-unicode-release-2.8 -I/usr/include/wx-2.8 -D_FILE_OFFSET_BITS=64 -D_LARGE_FILES -D__WXGTK__ -pthread  conftest.cpp >&5
configure:7705: $? = 0
configure:7713: result: yes
configure:7722: checking for wxMenuItem member function SetItemlabel
configure:7746: g++ -c  -std=c++11 -I/usr/lib/i386-linux-gnu/wx/include/gtk2-unicode-release-2.8 -I/usr/include/wx-2.8 -D_FILE_OFFSET_BITS=64 -D_LARGE_FILES -D__WXGTK__ -pthread  conftest.cpp >&5
configure:7746: $? = 0
configure:7754: result: yes
configure:8385: checking for magic_open in -lmagic
configure:8410: gcc -o conftest    conftest.c -lmagic -lz    >&5
configure:8410: $? = 0
configure:8419: result: yes
configure:8431: checking magic.h usability
configure:8431: gcc -c   conftest.c >&5
configure:8431: $? = 0
configure:8431: result: yes
configure:8431: checking magic.h presence
configure:8431: gcc -E  conftest.c
configure:8431: $? = 0
configure:8431: result: yes
configure:8431: checking for magic.h
configure:8431: result: yes
configure:8465: checking for CURL
configure:8472: $PKG_CONFIG --exists --print-errors "libcurl"
configure:8475: $? = 0
configure:8489: $PKG_CONFIG --exists --print-errors "libcurl"
configure:8492: $? = 0
configure:8550: result: yes
configure:8803: checking for boostlib >= 1.46.0
configure:8875: g++ -c   -I/usr/include conftest.cpp >&5
configure:8875: $? = 0
configure:8877: result: yes
configure:9057: checking whether the Boost::System library is available
configure:9081: g++ -c   -I/usr/include conftest.cpp >&5
configure:9081: $? = 0
configure:9096: result: yes
configure:9111: checking for exit in -lboost_system
configure:9136: gcc -o conftest   -I/usr/include  -L/usr/lib/i386-linux-gnu conftest.c -lboost_system   >&5
conftest.c:53:6: warning: conflicting types for built-in function 'exit' [enabled by default]
 char exit ();
      ^
configure:9136: $? = 0
configure:9146: result: yes
configure:9303: checking whether the Boost::Filesystem library is available
configure:9327: g++ -c   -I/usr/include conftest.cpp >&5
configure:9327: $? = 0
configure:9341: result: yes
configure:9352: checking for exit in -lboost_filesystem
configure:9377: gcc -o conftest   -I/usr/include  -L/usr/lib/i386-linux-gnu conftest.c -lboost_filesystem -lboost_system  -lboost_system >&5
conftest.c:54:6: warning: conflicting types for built-in function 'exit' [enabled by default]
 char exit ();
      ^
configure:9377: $? = 0
configure:9387: result: yes
configure:9544: checking whether the Boost::Regex library is available
configure:9567: g++ -c   -I/usr/include conftest.cpp >&5
configure:9567: $? = 0
configure:9581: result: yes
configure:9592: checking for exit in -lboost_regex
configure:9617: gcc -o conftest   -I/usr/include  -L/usr/lib/i386-linux-gnu conftest.c -lboost_regex   >&5
conftest.c:55:6: warning: conflicting types for built-in function 'exit' [enabled by default]
 char exit ();
      ^
configure:9617: $? = 0
configure:9627: result: yes
configure:9781: checking whether the Boost::Date_Time library is available
configure:9806: g++ -c   -I/usr/include conftest.cpp >&5
configure:9806: $? = 0
configure:9820: result: yes
configure:9832: checking for exit in -lboost_date_time
configure:9857: gcc -o conftest   -I/usr/include  -L/usr/lib/i386-linux-gnu conftest.c -lboost_date_time   >&5
conftest.c:56:6: warning: conflicting types for built-in function 'exit' [enabled by default]
 char exit ();
      ^
configure:9857: $? = 0
configure:9867: result: yes
configure:9993: checking how to run the C++ preprocessor
configure:10020: g++ -E  conftest.cpp
configure:10020: $? = 0
configure:10034: g++ -E  conftest.cpp
conftest.cpp:49:28: fatal error: ac_nonexistent.h: No such file or directory
 #include <ac_nonexistent.h>
                            ^
compilation terminated.
configure:10034: $? = 1
configure: failed program was:
| /* confdefs.h */
| #define PACKAGE_NAME "src/merge/mkvmerge.cpp"
| #define PACKAGE_TARNAME "src-merge-mkvmerge-cpp"
| #define PACKAGE_VERSION "src/cut/mkvcut.cpp"
| #define PACKAGE_STRING "src/merge/mkvmerge.cpp src/cut/mkvcut.cpp"
| #define PACKAGE_BUGREPORT ""
| #define PACKAGE_URL ""
| #define STDC_HEADERS 1
| #define HAVE_SYS_TYPES_H 1
| #define HAVE_SYS_STAT_H 1
| #define HAVE_STDLIB_H 1
| #define HAVE_STRING_H 1
| #define HAVE_MEMORY_H 1
| #define HAVE_STRINGS_H 1
| #define HAVE_INTTYPES_H 1
| #define HAVE_STDINT_H 1
| #define HAVE_UNISTD_H 1
| #define HAVE_INTTYPES_H 1
| #define HAVE_STDINT_H 1
| #define HAVE_SYS_TYPES_H 1
| #define HAVE_SYS_SYSCALL_H 1
| #define HAVE_STROPTS_H 1
| #define HAVE_VSSCANF 1
| #define HAVE_SYSCALL 1
| #define USE_PRECOMPILED_HEADERS 1
| #define HAVE_BUILD_TIMESTAMP 1
| #define SIZEOF_INT 4
| #define SIZEOF_LONG 4
| #define SIZEOF_LONG_LONG 8
| #define HAVE_ICONV_H 1
| #define ICONV_CONST 
| #define HAVE_NL_LANGINFO 1
| #define HAVE_OGG_OGG_H 1
| #define HAVE_VORBIS_CODEC_H 1
| #define HAVE_FLAC_DECODER_SKIP 1
| #define HAVE_FLAC_FORMAT_H 1
| #define HAVE_WXWIDGETS 1
| #define HAVE_WXBITMAPCOMBOBOX 1
| #define HAVE_WXMENUBAR_SETMENULABEL 1
| #define HAVE_WXMENUITEM_SETITEMLABEL 1
| #define HAVE_MAGIC_H 1
| #define HAVE_CURL_EASY_H 1
| #define HAVE_BOOST /**/
| #define HAVE_BOOST_SYSTEM /**/
| #define HAVE_BOOST_FILESYSTEM /**/
| #define HAVE_BOOST_REGEX /**/
| #define HAVE_BOOST_DATE_TIME /**/
| /* end confdefs.h.  */
| #include <ac_nonexistent.h>
configure:10059: result: g++ -E
configure:10079: g++ -E  conftest.cpp
configure:10079: $? = 0
configure:10093: g++ -E  conftest.cpp
conftest.cpp:49:28: fatal error: ac_nonexistent.h: No such file or directory
 #include <ac_nonexistent.h>
                            ^
compilation terminated.
configure:10093: $? = 1
configure: failed program was:
| /* confdefs.h */
| #define PACKAGE_NAME "src/merge/mkvmerge.cpp"
| #define PACKAGE_TARNAME "src-merge-mkvmerge-cpp"
| #define PACKAGE_VERSION "src/cut/mkvcut.cpp"
| #define PACKAGE_STRING "src/merge/mkvmerge.cpp src/cut/mkvcut.cpp"
| #define PACKAGE_BUGREPORT ""
| #define PACKAGE_URL ""
| #define STDC_HEADERS 1
| #define HAVE_SYS_TYPES_H 1
| #define HAVE_SYS_STAT_H 1
| #define HAVE_STDLIB_H 1
| #define HAVE_STRING_H 1
| #define HAVE_MEMORY_H 1
| #define HAVE_STRINGS_H 1
| #define HAVE_INTTYPES_H 1
| #define HAVE_STDINT_H 1
| #define HAVE_UNISTD_H 1
| #define HAVE_INTTYPES_H 1
| #define HAVE_STDINT_H 1
| #define HAVE_SYS_TYPES_H 1
| #define HAVE_SYS_SYSCALL_H 1
| #define HAVE_STROPTS_H 1
| #define HAVE_VSSCANF 1
| #define HAVE_SYSCALL 1
| #define USE_PRECOMPILED_HEADERS 1
| #define HAVE_BUILD_TIMESTAMP 1
| #define SIZEOF_INT 4
| #define SIZEOF_LONG 4
| #define SIZEOF_LONG_LONG 8
| #define HAVE_ICONV_H 1
| #define ICONV_CONST 
| #define HAVE_NL_LANGINFO 1
| #define HAVE_OGG_OGG_H 1
| #define HAVE_VORBIS_CODEC_H 1
| #define HAVE_FLAC_DECODER_SKIP 1
| #define HAVE_FLAC_FORMAT_H 1
| #define HAVE_WXWIDGETS 1
| #define HAVE_WXBITMAPCOMBOBOX 1
| #define HAVE_WXMENUBAR_SETMENULABEL 1
| #define HAVE_WXMENUITEM_SETITEMLABEL 1
| #define HAVE_MAGIC_H 1
| #define HAVE_CURL_EASY_H 1
| #define HAVE_BOOST /**/
| #define HAVE_BOOST_SYSTEM /**/
| #define HAVE_BOOST_FILESYSTEM /**/
| #define HAVE_BOOST_REGEX /**/
| #define HAVE_BOOST_DATE_TIME /**/
| /* end confdefs.h.  */
| #include <ac_nonexistent.h>
configure:10139: checking boost/rational.hpp usability
configure:10139: g++ -c   -I/usr/include conftest.cpp >&5
configure:10139: $? = 0
configure:10139: result: yes
configure:10139: checking boost/rational.hpp presence
configure:10139: g++ -E  -I/usr/include conftest.cpp
configure:10139: $? = 0
configure:10139: result: yes
configure:10139: checking for boost/rational.hpp
configure:10139: result: yes
configure:10181: checking boost/logic/tribool.hpp usability
configure:10181: g++ -c   -I/usr/include conftest.cpp >&5
configure:10181: $? = 0
configure:10181: result: yes
configure:10181: checking boost/logic/tribool.hpp presence
configure:10181: g++ -E  -I/usr/include conftest.cpp
configure:10181: $? = 0
configure:10181: result: yes
configure:10181: checking for boost/logic/tribool.hpp
configure:10181: result: yes
configure:10223: checking boost/lexical_cast.hpp usability
configure:10223: g++ -c   -I/usr/include conftest.cpp >&5
configure:10223: $? = 0
configure:10223: result: yes
configure:10223: checking boost/lexical_cast.hpp presence
configure:10223: g++ -E  -I/usr/include conftest.cpp
configure:10223: $? = 0
configure:10223: result: yes
configure:10223: checking for boost/lexical_cast.hpp
configure:10223: result: yes
configure:10265: checking boost/range.hpp usability
configure:10265: g++ -c   -I/usr/include conftest.cpp >&5
configure:10265: $? = 0
configure:10265: result: yes
configure:10265: checking boost/range.hpp presence
configure:10265: g++ -E  -I/usr/include conftest.cpp
configure:10265: $? = 0
configure:10265: result: yes
configure:10265: checking for boost/range.hpp
configure:10265: result: yes
configure:10307: checking boost/variant.hpp usability
configure:10307: g++ -c   -I/usr/include conftest.cpp >&5
configure:10307: $? = 0
configure:10307: result: yes
configure:10307: checking boost/variant.hpp presence
configure:10307: g++ -E  -I/usr/include conftest.cpp
configure:10307: $? = 0
configure:10307: result: yes
configure:10307: checking for boost/variant.hpp
configure:10307: result: yes
configure:10345: checking for main in -lgtest_main
configure:10364: g++ -o conftest    conftest.cpp -lgtest_main   >&5
/usr/bin/ld: cannot find -lgtest_main
collect2: error: ld returned 1 exit status
configure:10364: $? = 1
configure: failed program was:
| /* confdefs.h */
| #define PACKAGE_NAME "src/merge/mkvmerge.cpp"
| #define PACKAGE_TARNAME "src-merge-mkvmerge-cpp"
| #define PACKAGE_VERSION "src/cut/mkvcut.cpp"
| #define PACKAGE_STRING "src/merge/mkvmerge.cpp src/cut/mkvcut.cpp"
| #define PACKAGE_BUGREPORT ""
| #define PACKAGE_URL ""
| #define STDC_HEADERS 1
| #define HAVE_SYS_TYPES_H 1
| #define HAVE_SYS_STAT_H 1
| #define HAVE_STDLIB_H 1
| #define HAVE_STRING_H 1
| #define HAVE_MEMORY_H 1
| #define HAVE_STRINGS_H 1
| #define HAVE_INTTYPES_H 1
| #define HAVE_STDINT_H 1
| #define HAVE_UNISTD_H 1
| #define HAVE_INTTYPES_H 1
| #define HAVE_STDINT_H 1
| #define HAVE_SYS_TYPES_H 1
| #define HAVE_SYS_SYSCALL_H 1
| #define HAVE_STROPTS_H 1
| #define HAVE_VSSCANF 1
| #define HAVE_SYSCALL 1
| #define USE_PRECOMPILED_HEADERS 1
| #define HAVE_BUILD_TIMESTAMP 1
| #define SIZEOF_INT 4
| #define SIZEOF_LONG 4
| #define SIZEOF_LONG_LONG 8
| #define HAVE_ICONV_H 1
| #define ICONV_CONST 
| #define HAVE_NL_LANGINFO 1
| #define HAVE_OGG_OGG_H 1
| #define HAVE_VORBIS_CODEC_H 1
| #define HAVE_FLAC_DECODER_SKIP 1
| #define HAVE_FLAC_FORMAT_H 1
| #define HAVE_WXWIDGETS 1
| #define HAVE_WXBITMAPCOMBOBOX 1
| #define HAVE_WXMENUBAR_SETMENULABEL 1
| #define HAVE_WXMENUITEM_SETITEMLABEL 1
| #define HAVE_MAGIC_H 1
| #define HAVE_CURL_EASY_H 1
| #define HAVE_BOOST /**/
| #define HAVE_BOOST_SYSTEM /**/
| #define HAVE_BOOST_FILESYSTEM /**/
| #define HAVE_BOOST_REGEX /**/
| #define HAVE_BOOST_DATE_TIME /**/
| #define HAVE_BOOST_RATIONAL_HPP 1
| #define HAVE_BOOST_LOGIC_TRIBOOL_HPP 1
| #define HAVE_BOOST_LEXICAL_CAST_HPP 1
| #define HAVE_BOOST_RANGE_HPP 1
| #define HAVE_BOOST_VARIANT_HPP 1
| /* end confdefs.h.  */
| 
| 
| int
| main ()
| {
| return main ();
|   ;
|   return 0;
| }
configure:10373: result: no
configure:10386: checking gtest/gtest.h usability
configure:10386: g++ -c   conftest.cpp >&5
conftest.cpp:87:25: fatal error: gtest/gtest.h: No such file or directory
 #include <gtest/gtest.h>
                         ^
compilation terminated.
configure:10386: $? = 1
configure: failed program was:
| /* confdefs.h */
| #define PACKAGE_NAME "src/merge/mkvmerge.cpp"
| #define PACKAGE_TARNAME "src-merge-mkvmerge-cpp"
| #define PACKAGE_VERSION "src/cut/mkvcut.cpp"
| #define PACKAGE_STRING "src/merge/mkvmerge.cpp src/cut/mkvcut.cpp"
| #define PACKAGE_BUGREPORT ""
| #define PACKAGE_URL ""
| #define STDC_HEADERS 1
| #define HAVE_SYS_TYPES_H 1
| #define HAVE_SYS_STAT_H 1
| #define HAVE_STDLIB_H 1
| #define HAVE_STRING_H 1
| #define HAVE_MEMORY_H 1
| #define HAVE_STRINGS_H 1
| #define HAVE_INTTYPES_H 1
| #define HAVE_STDINT_H 1
| #define HAVE_UNISTD_H 1
| #define HAVE_INTTYPES_H 1
| #define HAVE_STDINT_H 1
| #define HAVE_SYS_TYPES_H 1
| #define HAVE_SYS_SYSCALL_H 1
| #define HAVE_STROPTS_H 1
| #define HAVE_VSSCANF 1
| #define HAVE_SYSCALL 1
| #define USE_PRECOMPILED_HEADERS 1
| #define HAVE_BUILD_TIMESTAMP 1
| #define SIZEOF_INT 4
| #define SIZEOF_LONG 4
| #define SIZEOF_LONG_LONG 8
| #define HAVE_ICONV_H 1
| #define ICONV_CONST 
| #define HAVE_NL_LANGINFO 1
| #define HAVE_OGG_OGG_H 1
| #define HAVE_VORBIS_CODEC_H 1
| #define HAVE_FLAC_DECODER_SKIP 1
| #define HAVE_FLAC_FORMAT_H 1
| #define HAVE_WXWIDGETS 1
| #define HAVE_WXBITMAPCOMBOBOX 1
| #define HAVE_WXMENUBAR_SETMENULABEL 1
| #define HAVE_WXMENUITEM_SETITEMLABEL 1
| #define HAVE_MAGIC_H 1
| #define HAVE_CURL_EASY_H 1
| #define HAVE_BOOST /**/
| #define HAVE_BOOST_SYSTEM /**/
| #define HAVE_BOOST_FILESYSTEM /**/
| #define HAVE_BOOST_REGEX /**/
| #define HAVE_BOOST_DATE_TIME /**/
| #define HAVE_BOOST_RATIONAL_HPP 1
| #define HAVE_BOOST_LOGIC_TRIBOOL_HPP 1
| #define HAVE_BOOST_LEXICAL_CAST_HPP 1
| #define HAVE_BOOST_RANGE_HPP 1
| #define HAVE_BOOST_VARIANT_HPP 1
| /* end confdefs.h.  */
| #include <stdio.h>
| #ifdef HAVE_SYS_TYPES_H
| # include <sys/types.h>
| #endif
| #ifdef HAVE_SYS_STAT_H
| # include <sys/stat.h>
| #endif
| #ifdef STDC_HEADERS
| # include <stdlib.h>
| # include <stddef.h>
| #else
| # ifdef HAVE_STDLIB_H
| #  include <stdlib.h>
| # endif
| #endif
| #ifdef HAVE_STRING_H
| # if !defined STDC_HEADERS && defined HAVE_MEMORY_H
| #  include <memory.h>
| # endif
| # include <string.h>
| #endif
| #ifdef HAVE_STRINGS_H
| # include <strings.h>
| #endif
| #ifdef HAVE_INTTYPES_H
| # include <inttypes.h>
| #endif
| #ifdef HAVE_STDINT_H
| # include <stdint.h>
| #endif
| #ifdef HAVE_UNISTD_H
| # include <unistd.h>
| #endif
| #include <gtest/gtest.h>
configure:10386: result: no
configure:10386: checking gtest/gtest.h presence
configure:10386: g++ -E  conftest.cpp
conftest.cpp:54:25: fatal error: gtest/gtest.h: No such file or directory
 #include <gtest/gtest.h>
                         ^
compilation terminated.
configure:10386: $? = 1
configure: failed program was:
| /* confdefs.h */
| #define PACKAGE_NAME "src/merge/mkvmerge.cpp"
| #define PACKAGE_TARNAME "src-merge-mkvmerge-cpp"
| #define PACKAGE_VERSION "src/cut/mkvcut.cpp"
| #define PACKAGE_STRING "src/merge/mkvmerge.cpp src/cut/mkvcut.cpp"
| #define PACKAGE_BUGREPORT ""
| #define PACKAGE_URL ""
| #define STDC_HEADERS 1
| #define HAVE_SYS_TYPES_H 1
| #define HAVE_SYS_STAT_H 1
| #define HAVE_STDLIB_H 1
| #define HAVE_STRING_H 1
| #define HAVE_MEMORY_H 1
| #define HAVE_STRINGS_H 1
| #define HAVE_INTTYPES_H 1
| #define HAVE_STDINT_H 1
| #define HAVE_UNISTD_H 1
| #define HAVE_INTTYPES_H 1
| #define HAVE_STDINT_H 1
| #define HAVE_SYS_TYPES_H 1
| #define HAVE_SYS_SYSCALL_H 1
| #define HAVE_STROPTS_H 1
| #define HAVE_VSSCANF 1
| #define HAVE_SYSCALL 1
| #define USE_PRECOMPILED_HEADERS 1
| #define HAVE_BUILD_TIMESTAMP 1
| #define SIZEOF_INT 4
| #define SIZEOF_LONG 4
| #define SIZEOF_LONG_LONG 8
| #define HAVE_ICONV_H 1
| #define ICONV_CONST 
| #define HAVE_NL_LANGINFO 1
| #define HAVE_OGG_OGG_H 1
| #define HAVE_VORBIS_CODEC_H 1
| #define HAVE_FLAC_DECODER_SKIP 1
| #define HAVE_FLAC_FORMAT_H 1
| #define HAVE_WXWIDGETS 1
| #define HAVE_WXBITMAPCOMBOBOX 1
| #define HAVE_WXMENUBAR_SETMENULABEL 1
| #define HAVE_WXMENUITEM_SETITEMLABEL 1
| #define HAVE_MAGIC_H 1
| #define HAVE_CURL_EASY_H 1
| #define HAVE_BOOST /**/
| #define HAVE_BOOST_SYSTEM /**/
| #define HAVE_BOOST_FILESYSTEM /**/
| #define HAVE_BOOST_REGEX /**/
| #define HAVE_BOOST_DATE_TIME /**/
| #define HAVE_BOOST_RATIONAL_HPP 1
| #define HAVE_BOOST_LOGIC_TRIBOOL_HPP 1
| #define HAVE_BOOST_LEXICAL_CAST_HPP 1
| #define HAVE_BOOST_RANGE_HPP 1
| #define HAVE_BOOST_VARIANT_HPP 1
| /* end confdefs.h.  */
| #include <gtest/gtest.h>
configure:10386: result: no
configure:10386: checking for gtest/gtest.h
configure:10386: result: no
configure:10449: checking for etags
configure:10482: result: no
configure:10491: checking for ebrowse
configure:10524: result: no
configure:10533: checking for pandoc
configure:10566: result: no
configure:10584: checking for xsltproc
configure:10617: result: no
configure:10657: checking POSIX termios
configure:10677: gcc -o conftest    conftest.c  >&5
configure:10677: $? = 0
configure:10685: result: yes
configure:10688: checking whether termios.h defines TIOCGWINSZ
configure:10711: result: no
configure:10715: checking whether sys/ioctl.h defines TIOCGWINSZ
configure:10738: result: yes
configure:10750: checking sys/ioctl.h usability
configure:10750: gcc -c   conftest.c >&5
configure:10750: $? = 0
configure:10750: result: yes
configure:10750: checking sys/ioctl.h presence
configure:10750: gcc -E  conftest.c
configure:10750: $? = 0
configure:10750: result: yes
configure:10750: checking for sys/ioctl.h
configure:10750: result: yes
configure:10772: checking for po4a
configure:10805: result: no
configure:10812: checking for po4a-translate
configure:10845: result: no
configure:10887: checking for gettext
configure:10887: gcc -o conftest    conftest.c  >&5
conftest.c:80:6: warning: conflicting types for built-in function 'gettext' [enabled by default]
 char gettext ();
      ^
configure:10887: $? = 0
configure:10887: result: yes
configure:10948: checking libintl.h usability
configure:10948: gcc -c   conftest.c >&5
configure:10948: $? = 0
configure:10948: result: yes
configure:10948: checking libintl.h presence
configure:10948: gcc -E  conftest.c
configure:10948: $? = 0
configure:10948: result: yes
configure:10948: checking for libintl.h
configure:10948: result: yes
configure:10961: checking the translations to install
configure:10974: result: cs de es eu fr it ja lt nl pl pt pt_BR ru tr uk zh_CN zh_TW
configure:10985: checking the manpage translation languages to install
configure:10999: result: de ja nl uk zh_CN 
configure:11004: checking the mmg guide translation languages to install
configure:11016: result: en es eu nl zh_CN 
configure:11138: creating ./config.status

## ---------------------- ##
## Running config.status. ##
## ---------------------- ##

This file was extended by src/merge/mkvmerge.cpp config.status src/cut/mkvcut.cpp, which was
generated by GNU Autoconf 2.69.  Invocation command line was

  CONFIG_FILES    = 
  CONFIG_HEADERS  = 
  CONFIG_LINKS    = 
  CONFIG_COMMANDS = 
  $ ./config.status 

on katest-12-04-32bits

config.status:944: creating build-config
config.status:944: creating config.h
config.status:1119: config.h is unchanged

## ---------------- ##
## Cache variables. ##
## ---------------- ##

ac_cv_build=i686-pc-linux-gnu
ac_cv_c_bigendian=no
ac_cv_c_compiler_gnu=yes
ac_cv_compiler_is_clang=no
ac_cv_cxx_compiler_gnu=yes
ac_cv_ebml_found=internal
ac_cv_env_CCC_set=
ac_cv_env_CCC_value=
ac_cv_env_CC_set=
ac_cv_env_CC_value=
ac_cv_env_CFLAGS_set=
ac_cv_env_CFLAGS_value=
ac_cv_env_CPPFLAGS_set=
ac_cv_env_CPPFLAGS_value=
ac_cv_env_CPP_set=
ac_cv_env_CPP_value=
ac_cv_env_CURL_CFLAGS_set=
ac_cv_env_CURL_CFLAGS_value=
ac_cv_env_CURL_LIBS_set=
ac_cv_env_CURL_LIBS_value=
ac_cv_env_CXXCPP_set=
ac_cv_env_CXXCPP_value=
ac_cv_env_CXXFLAGS_set=
ac_cv_env_CXXFLAGS_value=
ac_cv_env_CXX_set=
ac_cv_env_CXX_value=
ac_cv_env_LDFLAGS_set=
ac_cv_env_LDFLAGS_value=
ac_cv_env_LIBS_set=
ac_cv_env_LIBS_value=
ac_cv_env_PKG_CONFIG_LIBDIR_set=
ac_cv_env_PKG_CONFIG_LIBDIR_value=
ac_cv_env_PKG_CONFIG_PATH_set=
ac_cv_env_PKG_CONFIG_PATH_value=
ac_cv_env_PKG_CONFIG_set=
ac_cv_env_PKG_CONFIG_value=
ac_cv_env_ZLIB_CFLAGS_set=
ac_cv_env_ZLIB_CFLAGS_value=
ac_cv_env_ZLIB_LIBS_set=
ac_cv_env_ZLIB_LIBS_value=
ac_cv_env_build_alias_set=
ac_cv_env_build_alias_value=
ac_cv_env_host_alias_set=
ac_cv_env_host_alias_value=
ac_cv_env_target_alias_set=
ac_cv_env_target_alias_value=
ac_cv_func_gettext=yes
ac_cv_func_syscall=yes
ac_cv_func_vsscanf=yes
ac_cv_gcc_version=4.8
ac_cv_has_int64_t=yes
ac_cv_has_nl_langinfo=yes
ac_cv_has_prix64=yes
ac_cv_has_uint64_t=yes
ac_cv_header_boost_lexical_cast_hpp=yes
ac_cv_header_boost_logic_tribool_hpp=yes
ac_cv_header_boost_range_hpp=yes
ac_cv_header_boost_rational_hpp=yes
ac_cv_header_boost_variant_hpp=yes
ac_cv_header_gtest_gtest_h=no
ac_cv_header_iconv_h=yes
ac_cv_header_inttypes_h=yes
ac_cv_header_libintl_h=yes
ac_cv_header_magic_h=yes
ac_cv_header_memory_h=yes
ac_cv_header_ogg_ogg_h=yes
ac_cv_header_stdc=yes
ac_cv_header_stdint_h=yes
ac_cv_header_stdlib_h=yes
ac_cv_header_string_h=yes
ac_cv_header_strings_h=yes
ac_cv_header_stropts_h=yes
ac_cv_header_sys_ioctl_h=yes
ac_cv_header_sys_stat_h=yes
ac_cv_header_sys_syscall_h=yes
ac_cv_header_sys_types_h=yes
ac_cv_header_unistd_h=yes
ac_cv_header_vorbis_codec_h=yes
ac_cv_host=i686-pc-linux-gnu
ac_cv_lib_FLAC_FLAC__stream_decoder_new=yes
ac_cv_lib_FLAC_FLAC__stream_decoder_skip_single_frame=yes
ac_cv_lib_boost_date_time___exit=yes
ac_cv_lib_boost_filesystem___exit=yes
ac_cv_lib_boost_regex___exit=yes
ac_cv_lib_boost_system___exit=yes
ac_cv_lib_gtest_main_main=no
ac_cv_lib_magic_magic_open=yes
ac_cv_lib_ogg_ogg_sync_init=yes
ac_cv_lib_vorbis_vorbis_synthesis_init=yes
ac_cv_matroska_found=internal
ac_cv_member_FLAC__StreamMetadata_StreamInfo_sample_rate=yes
ac_cv_mingw32=no
ac_cv_objext=o
ac_cv_path_EGREP='/bin/grep -E'
ac_cv_path_GREP=/bin/grep
ac_cv_path_WX_CONFIG=/usr/bin/wx-config
ac_cv_path_ac_pt_PKG_CONFIG=/usr/bin/pkg-config
ac_cv_path_install='/usr/bin/install -c'
ac_cv_prog_CPP='gcc -E'
ac_cv_prog_CXXCPP='g++ -E'
ac_cv_prog_ac_ct_AR=ar
ac_cv_prog_ac_ct_CC=gcc
ac_cv_prog_ac_ct_CXX=g++
ac_cv_prog_ac_ct_LD=ld
ac_cv_prog_ac_ct_RANLIB=ranlib
ac_cv_prog_ac_ct_STRIP=strip
ac_cv_prog_cc_c89=
ac_cv_prog_cc_g=yes
ac_cv_prog_cc_gcc_c_o=yes
ac_cv_prog_cxx_g=yes
ac_cv_prog_make_make_set=yes
ac_cv_sizeof_int=4
ac_cv_sizeof_long=4
ac_cv_sizeof_long_long=8
ac_cv_sys_posix_termios=yes
ac_cv_sys_tiocgwinsz_in_sys_ioctl_h=yes
ac_cv_sys_tiocgwinsz_in_termios_h=no
ac_cv_target=i686-pc-linux-gnu
ac_cv_wx_bitmapcombobox=yes
ac_cv_wx_compilation=1
ac_cv_wx_menubar_setmenulabel=yes
ac_cv_wx_menuitem_setitemlabel=yes
ac_cv_wx_unicode=1
am_cv_func_iconv=yes
am_cv_lib_iconv=no
am_cv_proto_iconv='extern size_t iconv (iconv_t cd, char * *inbuf, size_t *inbytesleft, char * *outbuf, size_t *outbytesleft);'
am_cv_proto_iconv_arg1=
ax_cv_boost_date_time=yes
ax_cv_boost_filesystem=yes
ax_cv_boost_regex=yes
ax_cv_boost_system=yes
ax_cv_cxx11_auto_keyword=yes
ax_cv_cxx11_initializer_lists=yes
ax_cv_cxx11_lambda_functions=yes
ax_cv_cxx11_nullptr=yes
ax_cv_cxx11_range_based_for=yes
ax_cv_cxx11_right_angle_brackets=yes
ax_cv_cxx11_tuples=yes
ax_cv_std_cxx11_flag=-std=c++11
pkg_cv_CURL_CFLAGS=' '
pkg_cv_CURL_LIBS='-lcurl  '
pkg_cv_ZLIB_CFLAGS=' '
pkg_cv_ZLIB_LIBS='-lz  '

## ----------------- ##
## Output variables. ##
## ----------------- ##

AR='ar'
BOOST_CPPFLAGS='-I/usr/include'
BOOST_DATE_TIME_LIB='-lboost_date_time'
BOOST_FILESYSTEM_LIB='-lboost_filesystem'
BOOST_LDFLAGS='-L/usr/lib/i386-linux-gnu'
BOOST_REGEX_LIB='-lboost_regex'
BOOST_SYSTEM_LIB='-lboost_system'
BUILD_MKVTOOLNIX_GUI=''
CC='gcc'
CFLAGS=''
CPP='gcc -E'
CPPFLAGS=''
CURL_CFLAGS=' '
CURL_LIBS='-lcurl  '
CXX='g++'
CXXCPP='g++ -E'
CXXFLAGS=''
DEBUG_CFLAGS=''
DEFS='-DHAVE_CONFIG_H'
DOCBOOK_MANPAGES_STYLESHEET=''
DOCBOOK_ROOT=''
EBML_CFLAGS='-Ilib/libebml'
EBML_LDFLAGS='-Llib/libebml/src'
EBML_MATROSKA_INTERNAL='yes'
EBROWSE=''
ECHO_C=''
ECHO_N='-n'
ECHO_T=''
EGREP='/bin/grep -E'
ETAGS=''
EXEEXT=''
EXTRA_CFLAGS=''
EXTRA_LDFLAGS=''
FLAC_LIBS='-lFLAC -logg -lm '
GNURX_LIBS=''
GREP='/bin/grep'
GTEST_TYPE='no'
GUIDE_TRANSLATIONS='en es eu nl zh_CN '
ICONV_LIBS=''
INSTALL_DATA='${INSTALL} -m 644'
INSTALL_PROGRAM='${INSTALL}'
INSTALL_SCRIPT='${INSTALL}'
LD='ld'
LDFLAGS=''
LDFLAGS_RPATHS=''
LIBINTL_LIBS=''
LIBOBJS=''
LIBS=''
LTLIBOBJS=''
MAGIC_LIBS='-lmagic -lz  '
MANPAGES_TRANSLATIONS='de ja nl uk zh_CN '
MATROSKA_CFLAGS='-Ilib/libmatroska'
MATROSKA_LDFLAGS='-Llib/libmatroska/src'
MINGW=''
MINGW_GUIAPP=''
MINGW_LIBS=''
MINGW_PROCESSOR_ARCH=''
MOC=''
OBJEXT='o'
OGG_LIBS='-logg'
OPTIMIZATION_CFLAGS='-O3'
PACKAGE='mkvtoolnix'
PACKAGE_BUGREPORT=''
PACKAGE_NAME='src/merge/mkvmerge.cpp'
PACKAGE_STRING='src/merge/mkvmerge.cpp src/cut/mkvcut.cpp'
PACKAGE_TARNAME='src-merge-mkvmerge-cpp'
PACKAGE_URL=''
PACKAGE_VERSION='src/cut/mkvcut.cpp'
PANDOC=''
PATH_SEPARATOR=':'
PKG_CONFIG='/usr/bin/pkg-config'
PKG_CONFIG_LIBDIR=''
PKG_CONFIG_PATH=''
PO4A=''
PO4A_FLAGS='-M utf-8 -k 0'
PO4A_TRANSLATE=''
PO4A_TRANSLATE_FLAGS='-M utf-8 -k 0 -f docbook'
PO4A_WORKS=''
PROFILING_CFLAGS=''
PROFILING_LIBS=''
QT_CFLAGS=''
QT_LIBS=''
QT_PLUGINS_DIR=''
QUNUSED_ARGUMENTS=''
RANLIB='ranlib'
RCC=''
SET_MAKE=''
SHELL='/bin/bash'
STATIC_LIBS=''
STD_CXX11='-std=c++11'
STRIP='strip'
TRANSLATIONS='cs de es eu fr it ja lt nl pl pt pt_BR ru tr uk zh_CN zh_TW'
UIC=''
USER_CFLAGS=''
USER_CPPFLAGS=''
USER_CXXFLAGS=''
USER_LDFLAGS=''
USE_CLANG=''
USE_PRECOMPILED_HEADERS='yes'
USE_QT=''
USE_WXWIDGETS='yes'
VERSION='7.3.0'
VORBIS_LIBS='-lvorbis -lm'
WINDRES=''
WLOGICAL_OP='-Wlogical-op'
WNO_MISMATCHED_TAGS=''
WNO_SELF_ASSIGN=''
WXWIDGETS_CFLAGS='-I/usr/lib/i386-linux-gnu/wx/include/gtk2-unicode-release-2.8 -I/usr/include/wx-2.8 -D_FILE_OFFSET_BITS=64 -D_LARGE_FILES -D__WXGTK__ -pthread'
WXWIDGETS_INCLUDES=''
WXWIDGETS_LIBS='-L/usr/lib/i386-linux-gnu -pthread -Wl,-Bsymbolic-functions -Wl,-z,relro  -L/usr/lib/i386-linux-gnu   -lwx_gtk2u_richtext-2.8 -lwx_gtk2u_aui-2.8 -lwx_gtk2u_xrc-2.8 -lwx_gtk2u_qa-2.8 -lwx_gtk2u_html-2.8 -lwx_gtk2u_adv-2.8 -lwx_gtk2u_core-2.8 -lwx_baseu_xml-2.8 -lwx_baseu_net-2.8 -lwx_baseu-2.8 '
WX_CONFIG='/usr/bin/wx-config'
XSLTPROC=''
XSLTPROC_FLAGS='--nonet'
XSLTPROC_WORKS=''
ZLIB_CFLAGS=' '
ZLIB_LIBS='-lz  '
ac_ct_CC='gcc'
ac_ct_CXX='g++'
bindir='${exec_prefix}/bin'
build='i686-pc-linux-gnu'
build_alias=''
build_cpu='i686'
build_os='linux-gnu'
build_vendor='pc'
datadir='${datarootdir}'
datarootdir='${prefix}/share'
docdir='${datarootdir}/doc/${PACKAGE_TARNAME}'
dvidir='${docdir}'
exec_prefix='${prefix}'
host='i686-pc-linux-gnu'
host_alias=''
host_cpu='i686'
host_os='linux-gnu'
host_vendor='pc'
htmldir='${docdir}'
includedir='${prefix}/include'
infodir='${datarootdir}/info'
libdir='${exec_prefix}/lib'
libexecdir='${exec_prefix}/libexec'
localedir='${datarootdir}/locale'
localstatedir='${prefix}/var'
mandir='${datarootdir}/man'
oldincludedir='/usr/include'
pdfdir='${docdir}'
prefix='/usr/local'
program_transform_name='s,x,x,'
psdir='${docdir}'
sbindir='${exec_prefix}/sbin'
sharedstatedir='${prefix}/com'
sysconfdir='${prefix}/etc'
target='i686-pc-linux-gnu'
target_alias=''
target_cpu='i686'
target_os='linux-gnu'
target_vendor='pc'

## ----------- ##
## confdefs.h. ##
## ----------- ##

/* confdefs.h */
#define PACKAGE_NAME "src/merge/mkvmerge.cpp"
#define PACKAGE_TARNAME "src-merge-mkvmerge-cpp"
#define PACKAGE_VERSION "src/cut/mkvcut.cpp"
#define PACKAGE_STRING "src/merge/mkvmerge.cpp src/cut/mkvcut.cpp"
#define PACKAGE_BUGREPORT ""
#define PACKAGE_URL ""
#define STDC_HEADERS 1
#define HAVE_SYS_TYPES_H 1
#define HAVE_SYS_STAT_H 1
#define HAVE_STDLIB_H 1
#define HAVE_STRING_H 1
#define HAVE_MEMORY_H 1
#define HAVE_STRINGS_H 1
#define HAVE_INTTYPES_H 1
#define HAVE_STDINT_H 1
#define HAVE_UNISTD_H 1
#define HAVE_INTTYPES_H 1
#define HAVE_STDINT_H 1
#define HAVE_SYS_TYPES_H 1
#define HAVE_SYS_SYSCALL_H 1
#define HAVE_STROPTS_H 1
#define HAVE_VSSCANF 1
#define HAVE_SYSCALL 1
#define USE_PRECOMPILED_HEADERS 1
#define HAVE_BUILD_TIMESTAMP 1
#define SIZEOF_INT 4
#define SIZEOF_LONG 4
#define SIZEOF_LONG_LONG 8
#define HAVE_ICONV_H 1
#define ICONV_CONST 
#define HAVE_NL_LANGINFO 1
#define HAVE_OGG_OGG_H 1
#define HAVE_VORBIS_CODEC_H 1
#define HAVE_FLAC_DECODER_SKIP 1
#define HAVE_FLAC_FORMAT_H 1
#define HAVE_WXWIDGETS 1
#define HAVE_WXBITMAPCOMBOBOX 1
#define HAVE_WXMENUBAR_SETMENULABEL 1
#define HAVE_WXMENUITEM_SETITEMLABEL 1
#define HAVE_MAGIC_H 1
#define HAVE_CURL_EASY_H 1
#define HAVE_BOOST /**/
#define HAVE_BOOST_SYSTEM /**/
#define HAVE_BOOST_FILESYSTEM /**/
#define HAVE_BOOST_REGEX /**/
#define HAVE_BOOST_DATE_TIME /**/
#define HAVE_BOOST_RATIONAL_HPP 1
#define HAVE_BOOST_LOGIC_TRIBOOL_HPP 1
#define HAVE_BOOST_LEXICAL_CAST_HPP 1
#define HAVE_BOOST_RANGE_HPP 1
#define HAVE_BOOST_VARIANT_HPP 1
#define GWINSZ_IN_SYS_IOCTL 1
#define HAVE_SYS_IOCTL_H 1
#define HAVE_TIOCGWINSZ 1
#define HAVE_GETTEXT 1
#define HAVE_LIBINTL_H 1

configure: exit 0
